<?xml version="1.0" encoding="UTF-8"?>
<!-- Generated by org.testng.reporters.JUnitReportReporter -->
<testsuite hostname="LAPTOP-F8VFH2TR" name="ecomm.Tests.ContactUsTest" tests="2" failures="0" timestamp="4 Sep 2022 13:48:02 GMT" time="11.000" errors="0">
  <testcase name="verifyContactuspage" time="5.041" classname="ecomm.Tests.ContactUsTest"/>
  <testcase name="verifyContactuspage" time="5.959" classname="ecomm.Tests.ContactUsTest"/>
</testsuite> <!-- ecomm.Tests.ContactUsTest -->
