<?xml version="1.0" encoding="UTF-8"?>
<!-- Generated by org.testng.reporters.JUnitReportReporter -->
<testsuite hostname="LAPTOP-F8VFH2TR" name="ecomm.Tests.SignUpXLTest2" tests="1" failures="0" timestamp="4 Jun 2022 12:14:26 GMT" time="8.439" errors="0">
  <testcase name="userSingup" time="8.439" classname="ecomm.Tests.SignUpXLTest2"/>
</testsuite> <!-- ecomm.Tests.SignUpXLTest2 -->
