<?xml version="1.0" encoding="UTF-8"?>
<!-- Generated by org.testng.reporters.JUnitReportReporter -->
<testsuite hostname="LAPTOP-F8VFH2TR" name="productsTests.productTest" tests="1" failures="0" timestamp="14 Jun 2022 15:51:08 GMT" time="43.217" errors="0">
  <testcase name="addToCartItem" time="43.217" classname="productsTests.productTest"/>
</testsuite> <!-- productsTests.productTest -->
